<?xml version="1.0" encoding="UTF-8"?>
<coverage generated="1763876004473" clover="3.2.0">
  <project timestamp="1763876004474" name="All files">
    <metrics statements="53" coveredstatements="53" conditionals="22" coveredconditionals="22" methods="15" coveredmethods="15" elements="90" coveredelements="90" complexity="0" loc="53" ncloc="53" packages="1" files="1" classes="1"/>
    <file name="MarketMovers.jsx" path="C:\Users\vivek\OneDrive\Desktop\Main-branch\InsightStox---Portfolio-analyzer-tracker-and-console\frontend\src\components\MarketMovers\MarketMovers.jsx">
      <metrics statements="53" coveredstatements="53" conditionals="22" coveredconditionals="22" methods="15" coveredmethods="15"/>
      <line num="14" count="1" type="stmt"/>
      <line num="17" count="1" type="stmt"/>
      <line num="20" count="1" type="stmt"/>
      <line num="21" count="1" type="stmt"/>
      <line num="22" count="1" type="stmt"/>
      <line num="24" count="1" type="stmt"/>
      <line num="25" count="6" type="cond" truecount="2" falsecount="0"/>
      <line num="26" count="6" type="stmt"/>
      <line num="28" count="6" type="stmt"/>
      <line num="29" count="1" type="stmt"/>
      <line num="32" count="6" type="stmt"/>
      <line num="48" count="1" type="stmt"/>
      <line num="49" count="54" type="stmt"/>
      <line num="55" count="1" type="stmt"/>
      <line num="56" count="10" type="stmt"/>
      <line num="67" count="10" type="stmt"/>
      <line num="68" count="10" type="stmt"/>
      <line num="69" count="10" type="stmt"/>
      <line num="71" count="10" type="stmt"/>
      <line num="72" count="10" type="stmt"/>
      <line num="73" count="10" type="stmt"/>
      <line num="75" count="10" type="cond" truecount="2" falsecount="0"/>
      <line num="76" count="6" type="cond" truecount="2" falsecount="0"/>
      <line num="77" count="3" type="stmt"/>
      <line num="80" count="1" type="stmt"/>
      <line num="81" count="19" type="stmt"/>
      <line num="82" count="19" type="stmt"/>
      <line num="83" count="19" type="stmt"/>
      <line num="84" count="19" type="stmt"/>
      <line num="86" count="19" type="stmt"/>
      <line num="87" count="10" type="stmt"/>
      <line num="88" count="10" type="stmt"/>
      <line num="90" count="10" type="stmt"/>
      <line num="97" count="9" type="cond" truecount="2" falsecount="0"/>
      <line num="98" count="10" type="stmt"/>
      <line num="104" count="8" type="stmt"/>
      <line num="109" count="9" type="cond" truecount="2" falsecount="0"/>
      <line num="110" count="8" type="stmt"/>
      <line num="118" count="8" type="stmt"/>
      <line num="122" count="9" type="cond" truecount="2" falsecount="0"/>
      <line num="123" count="8" type="stmt"/>
      <line num="131" count="8" type="stmt"/>
      <line num="134" count="1" type="stmt"/>
      <line num="136" count="10" type="stmt"/>
      <line num="140" count="10" type="stmt"/>
      <line num="144" count="19" type="stmt"/>
      <line num="153" count="19" type="cond" truecount="2" falsecount="0"/>
      <line num="154" count="10" type="stmt"/>
      <line num="157" count="9" type="stmt"/>
      <line num="169" count="4" type="stmt"/>
      <line num="176" count="2" type="stmt"/>
      <line num="188" count="54" type="stmt"/>
      <line num="197" count="10" type="stmt"/>
    </file>
  </project>
</coverage>
