{"C:\\Users\\vivek\\OneDrive\\Desktop\\Main-branch\\InsightStox---Portfolio-analyzer-tracker-and-console\\frontend\\src\\components\\MarketMovers\\MarketMovers.jsx": {"path":"C:\\Users\\vivek\\OneDrive\\Desktop\\Main-branch\\InsightStox---Portfolio-analyzer-tracker-and-console\\frontend\\src\\components\\MarketMovers\\MarketMovers.jsx","statementMap":{"0":{"start":{"line":14,"column":0},"end":{"line":14,"column":null}},"1":{"start":{"line":17,"column":17},"end":{"line":17,"column":null}},"2":{"start":{"line":20,"column":26},"end":{"line":20,"column":null}},"3":{"start":{"line":21,"column":27},"end":{"line":21,"column":null}},"4":{"start":{"line":22,"column":26},"end":{"line":22,"column":null}},"5":{"start":{"line":24,"column":22},"end":{"line":46,"column":null}},"6":{"start":{"line":25,"column":27},"end":{"line":25,"column":null}},"7":{"start":{"line":26,"column":8},"end":{"line":26,"column":null}},"8":{"start":{"line":28,"column":22},"end":{"line":30,"column":null}},"9":{"start":{"line":29,"column":4},"end":{"line":29,"column":null}},"10":{"start":{"line":32,"column":2},"end":{"line":44,"column":null}},"11":{"start":{"line":48,"column":26},"end":{"line":52,"column":null}},"12":{"start":{"line":49,"column":2},"end":{"line":52,"column":null}},"13":{"start":{"line":55,"column":30},"end":{"line":64,"column":null}},"14":{"start":{"line":56,"column":2},"end":{"line":64,"column":null}},"15":{"start":{"line":67,"column":20},"end":{"line":67,"column":null}},"16":{"start":{"line":68,"column":14},"end":{"line":68,"column":null}},"17":{"start":{"line":69,"column":17},"end":{"line":69,"column":null}},"18":{"start":{"line":71,"column":19},"end":{"line":71,"column":null}},"19":{"start":{"line":72,"column":20},"end":{"line":72,"column":null}},"20":{"start":{"line":73,"column":19},"end":{"line":73,"column":null}},"21":{"start":{"line":75,"column":2},"end":{"line":75,"column":null}},"22":{"start":{"line":75,"column":21},"end":{"line":75,"column":null}},"23":{"start":{"line":76,"column":2},"end":{"line":76,"column":null}},"24":{"start":{"line":76,"column":22},"end":{"line":76,"column":null}},"25":{"start":{"line":77,"column":2},"end":{"line":77,"column":null}},"26":{"start":{"line":80,"column":21},"end":{"line":204,"column":null}},"27":{"start":{"line":81,"column":42},"end":{"line":81,"column":null}},"28":{"start":{"line":82,"column":36},"end":{"line":82,"column":null}},"29":{"start":{"line":83,"column":34},"end":{"line":83,"column":null}},"30":{"start":{"line":84,"column":28},"end":{"line":84,"column":null}},"31":{"start":{"line":86,"column":2},"end":{"line":141,"column":null}},"32":{"start":{"line":87,"column":28},"end":{"line":138,"column":null}},"33":{"start":{"line":88,"column":6},"end":{"line":137,"column":null}},"34":{"start":{"line":90,"column":49},"end":{"line":94,"column":null}},"35":{"start":{"line":97,"column":8},"end":{"line":105,"column":null}},"36":{"start":{"line":98,"column":32},"end":{"line":102,"column":null}},"37":{"start":{"line":98,"column":65},"end":{"line":102,"column":12}},"38":{"start":{"line":104,"column":10},"end":{"line":104,"column":null}},"39":{"start":{"line":109,"column":8},"end":{"line":119,"column":null}},"40":{"start":{"line":110,"column":35},"end":{"line":117,"column":null}},"41":{"start":{"line":110,"column":72},"end":{"line":117,"column":12}},"42":{"start":{"line":118,"column":10},"end":{"line":118,"column":null}},"43":{"start":{"line":122,"column":8},"end":{"line":132,"column":null}},"44":{"start":{"line":123,"column":34},"end":{"line":130,"column":null}},"45":{"start":{"line":123,"column":70},"end":{"line":130,"column":12}},"46":{"start":{"line":131,"column":10},"end":{"line":131,"column":null}},"47":{"start":{"line":134,"column":8},"end":{"line":134,"column":null}},"48":{"start":{"line":136,"column":8},"end":{"line":136,"column":null}},"49":{"start":{"line":140,"column":4},"end":{"line":140,"column":null}},"50":{"start":{"line":144,"column":29},"end":{"line":151,"column":null}},"51":{"start":{"line":153,"column":2},"end":{"line":155,"column":null}},"52":{"start":{"line":154,"column":4},"end":{"line":154,"column":null}},"53":{"start":{"line":157,"column":2},"end":{"line":202,"column":null}},"54":{"start":{"line":169,"column":8},"end":{"line":169,"column":null}},"55":{"start":{"line":176,"column":8},"end":{"line":176,"column":null}},"56":{"start":{"line":188,"column":14},"end":{"line":188,"column":null}},"57":{"start":{"line":197,"column":12},"end":{"line":197,"column":null}}},"fnMap":{"0":{"name":"(anonymous_0)","decl":{"start":{"line":24,"column":22},"end":{"line":24,"column":23}},"loc":{"start":{"line":24,"column":90},"end":{"line":46,"column":null}},"line":24},"1":{"name":"(anonymous_1)","decl":{"start":{"line":28,"column":22},"end":{"line":28,"column":28}},"loc":{"start":{"line":28,"column":28},"end":{"line":30,"column":null}},"line":28},"2":{"name":"(anonymous_2)","decl":{"start":{"line":48,"column":26},"end":{"line":48,"column":27}},"loc":{"start":{"line":49,"column":2},"end":{"line":52,"column":null}},"line":49},"3":{"name":"(anonymous_3)","decl":{"start":{"line":55,"column":30},"end":{"line":55,"column":31}},"loc":{"start":{"line":56,"column":2},"end":{"line":64,"column":null}},"line":56},"4":{"name":"timeAgo","decl":{"start":{"line":66,"column":9},"end":{"line":66,"column":17}},"loc":{"start":{"line":66,"column":26},"end":{"line":78,"column":null}},"line":66},"5":{"name":"(anonymous_5)","decl":{"start":{"line":80,"column":21},"end":{"line":80,"column":27}},"loc":{"start":{"line":80,"column":27},"end":{"line":204,"column":null}},"line":80},"6":{"name":"(anonymous_6)","decl":{"start":{"line":86,"column":12},"end":{"line":86,"column":18}},"loc":{"start":{"line":86,"column":18},"end":{"line":141,"column":5}},"line":86},"7":{"name":"(anonymous_7)","decl":{"start":{"line":87,"column":28},"end":{"line":87,"column":40}},"loc":{"start":{"line":87,"column":40},"end":{"line":138,"column":null}},"line":87},"8":{"name":"(anonymous_8)","decl":{"start":{"line":98,"column":54},"end":{"line":98,"column":55}},"loc":{"start":{"line":98,"column":65},"end":{"line":102,"column":12}},"line":98},"9":{"name":"(anonymous_9)","decl":{"start":{"line":110,"column":60},"end":{"line":110,"column":61}},"loc":{"start":{"line":110,"column":72},"end":{"line":117,"column":12}},"line":110},"10":{"name":"(anonymous_10)","decl":{"start":{"line":123,"column":58},"end":{"line":123,"column":59}},"loc":{"start":{"line":123,"column":70},"end":{"line":130,"column":12}},"line":123},"11":{"name":"(anonymous_11)","decl":{"start":{"line":168,"column":23},"end":{"line":168,"column":24}},"loc":{"start":{"line":169,"column":8},"end":{"line":169,"column":null}},"line":169},"12":{"name":"(anonymous_12)","decl":{"start":{"line":175,"column":22},"end":{"line":175,"column":23}},"loc":{"start":{"line":176,"column":8},"end":{"line":176,"column":null}},"line":176},"13":{"name":"(anonymous_13)","decl":{"start":{"line":187,"column":36},"end":{"line":187,"column":37}},"loc":{"start":{"line":188,"column":14},"end":{"line":188,"column":null}},"line":188},"14":{"name":"(anonymous_14)","decl":{"start":{"line":196,"column":30},"end":{"line":196,"column":31}},"loc":{"start":{"line":197,"column":12},"end":{"line":197,"column":null}},"line":197}},"branchMap":{"0":{"loc":{"start":{"line":25,"column":27},"end":{"line":25,"column":null}},"type":"cond-expr","locations":[{"start":{"line":25,"column":38},"end":{"line":25,"column":49}},{"start":{"line":25,"column":49},"end":{"line":25,"column":null}}],"line":25},"1":{"loc":{"start":{"line":33,"column":34},"end":{"line":33,"column":71}},"type":"cond-expr","locations":[{"start":{"line":33,"column":45},"end":{"line":33,"column":60}},{"start":{"line":33,"column":60},"end":{"line":33,"column":71}}],"line":33},"2":{"loc":{"start":{"line":41,"column":17},"end":{"line":41,"column":38}},"type":"cond-expr","locations":[{"start":{"line":41,"column":28},"end":{"line":41,"column":34}},{"start":{"line":41,"column":34},"end":{"line":41,"column":38}}],"line":41},"3":{"loc":{"start":{"line":75,"column":2},"end":{"line":75,"column":null}},"type":"if","locations":[{"start":{"line":75,"column":2},"end":{"line":75,"column":null}},{"start":{},"end":{}}],"line":75},"4":{"loc":{"start":{"line":76,"column":2},"end":{"line":76,"column":null}},"type":"if","locations":[{"start":{"line":76,"column":2},"end":{"line":76,"column":null}},{"start":{},"end":{}}],"line":76},"5":{"loc":{"start":{"line":97,"column":8},"end":{"line":105,"column":null}},"type":"if","locations":[{"start":{"line":97,"column":8},"end":{"line":105,"column":null}},{"start":{},"end":{}}],"line":97},"6":{"loc":{"start":{"line":109,"column":8},"end":{"line":119,"column":null}},"type":"if","locations":[{"start":{"line":109,"column":8},"end":{"line":119,"column":null}},{"start":{},"end":{}}],"line":109},"7":{"loc":{"start":{"line":113,"column":22},"end":{"line":113,"column":null}},"type":"binary-expr","locations":[{"start":{"line":113,"column":22},"end":{"line":113,"column":40}},{"start":{"line":113,"column":40},"end":{"line":113,"column":null}}],"line":113},"8":{"loc":{"start":{"line":122,"column":8},"end":{"line":132,"column":null}},"type":"if","locations":[{"start":{"line":122,"column":8},"end":{"line":132,"column":null}},{"start":{},"end":{}}],"line":122},"9":{"loc":{"start":{"line":126,"column":22},"end":{"line":126,"column":null}},"type":"binary-expr","locations":[{"start":{"line":126,"column":22},"end":{"line":126,"column":40}},{"start":{"line":126,"column":40},"end":{"line":126,"column":null}}],"line":126},"10":{"loc":{"start":{"line":153,"column":2},"end":{"line":155,"column":null}},"type":"if","locations":[{"start":{"line":153,"column":2},"end":{"line":155,"column":null}},{"start":{},"end":{}}],"line":153}},"s":{"0":1,"1":1,"2":1,"3":1,"4":1,"5":1,"6":6,"7":6,"8":6,"9":1,"10":6,"11":1,"12":54,"13":1,"14":10,"15":10,"16":10,"17":10,"18":10,"19":10,"20":10,"21":10,"22":4,"23":6,"24":6,"25":3,"26":1,"27":19,"28":19,"29":19,"30":19,"31":19,"32":10,"33":10,"34":10,"35":9,"36":8,"37":10,"38":8,"39":9,"40":8,"41":4,"42":8,"43":9,"44":8,"45":2,"46":8,"47":1,"48":10,"49":10,"50":19,"51":19,"52":10,"53":9,"54":4,"55":2,"56":54,"57":10},"f":{"0":6,"1":1,"2":54,"3":10,"4":10,"5":19,"6":10,"7":10,"8":10,"9":4,"10":2,"11":4,"12":2,"13":54,"14":10},"b":{"0":[4,2],"1":[4,2],"2":[4,2],"3":[4,6],"4":[3,3],"5":[8,1],"6":[8,1],"7":[4,4],"8":[8,1],"9":[2,2],"10":[10,9]},"meta":{"lastBranch":11,"lastFunction":15,"lastStatement":58,"seen":{"s:14:0:14:Infinity":0,"s:17:17:17:Infinity":1,"s:20:26:20:Infinity":2,"s:21:27:21:Infinity":3,"s:22:26:22:Infinity":4,"s:24:22:46:Infinity":5,"f:24:22:24:23":0,"s:25:27:25:Infinity":6,"b:25:38:25:49:25:49:25:Infinity":0,"s:26:8:26:Infinity":7,"s:28:22:30:Infinity":8,"f:28:22:28:28":1,"s:29:4:29:Infinity":9,"s:32:2:44:Infinity":10,"b:33:45:33:60:33:60:33:71":1,"b:41:28:41:34:41:34:41:38":2,"s:48:26:52:Infinity":11,"f:48:26:48:27":2,"s:49:2:52:Infinity":12,"s:55:30:64:Infinity":13,"f:55:30:55:31":3,"s:56:2:64:Infinity":14,"f:66:9:66:17":4,"s:67:20:67:Infinity":15,"s:68:14:68:Infinity":16,"s:69:17:69:Infinity":17,"s:71:19:71:Infinity":18,"s:72:20:72:Infinity":19,"s:73:19:73:Infinity":20,"b:75:2:75:Infinity:undefined:undefined:undefined:undefined":3,"s:75:2:75:Infinity":21,"s:75:21:75:Infinity":22,"b:76:2:76:Infinity:undefined:undefined:undefined:undefined":4,"s:76:2:76:Infinity":23,"s:76:22:76:Infinity":24,"s:77:2:77:Infinity":25,"s:80:21:204:Infinity":26,"f:80:21:80:27":5,"s:81:42:81:Infinity":27,"s:82:36:82:Infinity":28,"s:83:34:83:Infinity":29,"s:84:28:84:Infinity":30,"s:86:2:141:Infinity":31,"f:86:12:86:18":6,"s:87:28:138:Infinity":32,"f:87:28:87:40":7,"s:88:6:137:Infinity":33,"s:90:49:94:Infinity":34,"b:97:8:105:Infinity:undefined:undefined:undefined:undefined":5,"s:97:8:105:Infinity":35,"s:98:32:102:Infinity":36,"f:98:54:98:55":8,"s:98:65:102:12":37,"s:104:10:104:Infinity":38,"b:109:8:119:Infinity:undefined:undefined:undefined:undefined":6,"s:109:8:119:Infinity":39,"s:110:35:117:Infinity":40,"f:110:60:110:61":9,"s:110:72:117:12":41,"b:113:22:113:40:113:40:113:Infinity":7,"s:118:10:118:Infinity":42,"b:122:8:132:Infinity:undefined:undefined:undefined:undefined":8,"s:122:8:132:Infinity":43,"s:123:34:130:Infinity":44,"f:123:58:123:59":10,"s:123:70:130:12":45,"b:126:22:126:40:126:40:126:Infinity":9,"s:131:10:131:Infinity":46,"s:134:8:134:Infinity":47,"s:136:8:136:Infinity":48,"s:140:4:140:Infinity":49,"s:144:29:151:Infinity":50,"b:153:2:155:Infinity:undefined:undefined:undefined:undefined":10,"s:153:2:155:Infinity":51,"s:154:4:154:Infinity":52,"s:157:2:202:Infinity":53,"f:168:23:168:24":11,"s:169:8:169:Infinity":54,"f:175:22:175:23":12,"s:176:8:176:Infinity":55,"f:187:36:187:37":13,"s:188:14:188:Infinity":56,"f:196:30:196:31":14,"s:197:12:197:Infinity":57}}}
}
